#
# A fatal error has been detected by the Java Runtime Environment:
#
#  EXCEPTION_ACCESS_VIOLATION (0xc0000005) at pc=0x000000006d93ae7b, pid=3740, tid=9084
#
# JRE version: 6.0_29-b11
# Java VM: Java HotSpot(TM) 64-Bit Server VM (20.4-b02 mixed mode windows-amd64 compressed oops)
# Problematic frame:
# V  [jvm.dll+0x14ae7b]
#
# If you would like to submit a bug report, please visit:
#   http://java.sun.com/webapps/bugreport/crash.jsp
#

---------------  T H R E A D  ---------------

Current thread (0x0000000005f09800):  JavaThread "JDWP Transport Listener: dt_socket" daemon [_thread_in_vm, id=9084, stack(0x0000000006620000,0x0000000006720000)]

siginfo: ExceptionCode=0xc0000005, reading address 0xffffffffffffffff

Registers:
RAX=0x000000000671f801, RBX=0x0000000005f09800, RCX=0x003b00003b312472, RDX=0x0000000005f09800
RSP=0x000000000671f7e0, RBP=0x003b00003b312472, RSI=0x000000000671f8c0, RDI=0x000000000070d370
R8 =0x000000000671f8c0, R9 =0x0000000000000001, R10=0x0000000000000000, R11=0x000000000671fb64
R12=0x0000000000000001, R13=0x0000000000000000, R14=0x0000000000000000, R15=0x0000000000000000
RIP=0x000000006d93ae7b, EFLAGS=0x0000000000010206

Top of Stack: (sp=0x000000000671f7e0)
0x000000000671f7e0:   0000000000000000 000000006d4454d3
0x000000000671f7f0:   000000000671f9f0 000000006dafb775
0x000000000671f800:   0000000005f09800 000000006db1a9ea
0x000000000671f810:   0000000000000000 0000000005f09800
0x000000000671f820:   000000000671f8c0 000000006d440d69
0x000000000671f830:   0000000005f09800 0000000000000000
0x000000000671f840:   0000000000000000 0000000000000000
0x000000000671f850:   0000000000000001 000000006d43ff6e
0x000000000671f860:   000000000671f8c0 00000000070acab0
0x000000000671f870:   0000000000000001 003b00003b312472
0x000000000671f880:   0000000000000001 003b00003b312472
0x000000000671f890:   000000000671f9f0 000000006d424f64
0x000000000671f8a0:   000000000671f9f0 309462000a000000
0x000000000671f8b0:   0000000007530120 0000000000000000
0x000000000671f8c0:   0000000a0671f900 0000000000000000
0x000000000671f8d0:   0000000000000000 0000000000000000 

Instructions: (pc=0x000000006d93ae7b)
0x000000006d93ae5b:   7c 24 48 48 83 c4 28 c3 cc cc cc cc cc cc cc cc
0x000000006d93ae6b:   cc cc cc cc cc 48 53 48 83 ec 20 48 85 c9 74 55
0x000000006d93ae7b:   48 8b 19 48 85 db 74 4d 48 b8 fe fe fe fe fe fe
0x000000006d93ae8b:   fe fe 48 3b d8 74 3e 80 3d b7 f9 5e 00 00 74 16 


Register to memory mapping:

RAX=0x000000000671f801 is pointing into the stack for thread: 0x0000000005f09800
RBX=0x0000000005f09800 is a thread
RCX=0x003b00003b312472 is an unknown value
RDX=0x0000000005f09800 is a thread
RSP=0x000000000671f7e0 is pointing into the stack for thread: 0x0000000005f09800
RBP=0x003b00003b312472 is an unknown value
RSI=0x000000000671f8c0 is pointing into the stack for thread: 0x0000000005f09800
RDI=0x000000000070d370 is an unknown value
R8 =0x000000000671f8c0 is pointing into the stack for thread: 0x0000000005f09800
R9 =0x0000000000000001 is an unknown value
R10=0x0000000000000000 is an unknown value
R11=0x000000000671fb64 is pointing into the stack for thread: 0x0000000005f09800
R12=0x0000000000000001 is an unknown value
R13=0x0000000000000000 is an unknown value
R14=0x0000000000000000 is an unknown value
R15=0x0000000000000000 is an unknown value


Stack: [0x0000000006620000,0x0000000006720000],  sp=0x000000000671f7e0,  free space=1021k
Native frames: (J=compiled Java code, j=interpreted, Vv=VM code, C=native code)
V  [jvm.dll+0x14ae7b]


---------------  P R O C E S S  ---------------

Java Threads: ( => current thread )
  0x0000000005f3a000 JavaThread "Low Memory Detector" daemon [_thread_blocked, id=2592, stack(0x0000000006c50000,0x0000000006d50000)]
  0x0000000005f39000 JavaThread "C2 CompilerThread1" daemon [_thread_blocked, id=7812, stack(0x0000000006b50000,0x0000000006c50000)]
  0x0000000005f25800 JavaThread "C2 CompilerThread0" daemon [_thread_blocked, id=5132, stack(0x0000000006a50000,0x0000000006b50000)]
  0x0000000005f1d800 JavaThread "JDWP Command Reader" daemon [_thread_in_native, id=7252, stack(0x0000000006950000,0x0000000006a50000)]
  0x0000000005f10800 JavaThread "JDWP Event Helper Thread" daemon [_thread_blocked, id=2116, stack(0x0000000006850000,0x0000000006950000)]
=>0x0000000005f09800 JavaThread "JDWP Transport Listener: dt_socket" daemon [_thread_in_vm, id=9084, stack(0x0000000006620000,0x0000000006720000)]
  0x0000000000649800 JavaThread "Attach Listener" daemon [_thread_blocked, id=4556, stack(0x00000000061c0000,0x00000000062c0000)]
  0x0000000005f00800 JavaThread "Signal Dispatcher" daemon [_thread_blocked, id=6516, stack(0x00000000060c0000,0x00000000061c0000)]
  0x0000000000634800 JavaThread "Finalizer" daemon [_thread_blocked, id=5292, stack(0x0000000005dc0000,0x0000000005ec0000)]
  0x000000000062b800 JavaThread "Reference Handler" daemon [_thread_blocked, id=7008, stack(0x0000000005cc0000,0x0000000005dc0000)]
  0x000000000070e800 JavaThread "main" [_thread_blocked, id=6028, stack(0x00000000022e0000,0x00000000023e0000)]

Other Threads:
  0x0000000000625000 VMThread [stack: 0x0000000005bc0000,0x0000000005cc0000] [id=4912]
  0x0000000005fc0800 WatcherThread [stack: 0x0000000006d50000,0x0000000006e50000] [id=8812]

VM state:not at safepoint (normal execution)

VM Mutex/Monitor currently owned by a thread: None

Heap
 PSYoungGen      total 14272K, used 2168K [0x00000000f0160000, 0x00000000f1d40000, 0x0000000100000000)
  eden space 12288K, 8% used [0x00000000f0160000,0x00000000f0270f98,0x00000000f0d60000)
  from space 1984K, 54% used [0x00000000f0d60000,0x00000000f0e6d3d0,0x00000000f0f50000)
  to   space 1984K, 0% used [0x00000000f1b50000,0x00000000f1b50000,0x00000000f1d40000)
 PSOldGen        total 32640K, used 0K [0x00000000d0400000, 0x00000000d23e0000, 0x00000000f0160000)
  object space 32640K, 0% used [0x00000000d0400000,0x00000000d0400000,0x00000000d23e0000)
 PSPermGen       total 21248K, used 5529K [0x00000000cb200000, 0x00000000cc6c0000, 0x00000000d0400000)
  object space 21248K, 26% used [0x00000000cb200000,0x00000000cb766488,0x00000000cc6c0000)

Code Cache  [0x00000000023e0000, 0x0000000002650000, 0x00000000053e0000)
 total_blobs=239 nmethods=64 adapters=137 free_code_cache=49723968 largest_free_block=14976

Dynamic libraries:
0x0000000000400000 - 0x000000000042e000 	C:\Program Files\Java\jre6\bin\javaw.exe
0x0000000077710000 - 0x00000000778b9000 	C:\Windows\SYSTEM32\ntdll.dll
0x0000000077340000 - 0x000000007745f000 	C:\Windows\system32\kernel32.dll
0x000007fefdd90000 - 0x000007fefddfc000 	C:\Windows\system32\KERNELBASE.dll
0x0000000074f80000 - 0x0000000074fbf000 	C:\Program Files\AVAST Software\Avast\snxhk64.dll
0x000007fefece0000 - 0x000007fefedbb000 	C:\Windows\system32\ADVAPI32.dll
0x000007feff980000 - 0x000007feffa1f000 	C:\Windows\system32\msvcrt.dll
0x000007feff1a0000 - 0x000007feff1bf000 	C:\Windows\SYSTEM32\sechost.dll
0x000007feff290000 - 0x000007feff3bd000 	C:\Windows\system32\RPCRT4.dll
0x0000000077240000 - 0x000000007733a000 	C:\Windows\system32\USER32.dll
0x000007feff720000 - 0x000007feff787000 	C:\Windows\system32\GDI32.dll
0x000007fefecd0000 - 0x000007fefecde000 	C:\Windows\system32\LPK.dll
0x000007feff1c0000 - 0x000007feff289000 	C:\Windows\system32\USP10.dll
0x000007feff790000 - 0x000007feff7be000 	C:\Windows\system32\IMM32.DLL
0x000007feff7c0000 - 0x000007feff8c9000 	C:\Windows\system32\MSCTF.dll
0x000000006d7f0000 - 0x000000006dfa8000 	C:\Program Files\Java\jre6\bin\server\jvm.dll
0x000007fefbcc0000 - 0x000007fefbcfb000 	C:\Windows\system32\WINMM.dll
0x000000006d760000 - 0x000000006d76e000 	C:\Program Files\Java\jre6\bin\verify.dll
0x000000006d3b0000 - 0x000000006d3d7000 	C:\Program Files\Java\jre6\bin\java.dll
0x000000006d420000 - 0x000000006d454000 	C:\Program Files\Java\jre6\bin\jdwp.dll
0x000000006d630000 - 0x000000006d638000 	C:\Program Files\Java\jre6\bin\npt.dll
0x000000006d7b0000 - 0x000000006d7c2000 	C:\Program Files\Java\jre6\bin\zip.dll
0x000000006d270000 - 0x000000006d279000 	C:\Program Files\Java\jre6\bin\dt_socket.dll
0x000007feff150000 - 0x000007feff19d000 	C:\Windows\system32\WS2_32.dll
0x000007feff970000 - 0x000007feff978000 	C:\Windows\system32\NSI.dll
0x000007fefba60000 - 0x000007fefba75000 	C:\Windows\system32\NLAapi.dll
0x000007fef8740000 - 0x000007fef8755000 	C:\Windows\system32\napinsp.dll
0x000007fef8720000 - 0x000007fef8739000 	C:\Windows\system32\pnrpnsp.dll
0x000007fefd390000 - 0x000007fefd3e5000 	C:\Windows\System32\mswsock.dll
0x000007fefd220000 - 0x000007fefd27b000 	C:\Windows\system32\DNSAPI.dll
0x000007fef8710000 - 0x000007fef871b000 	C:\Windows\System32\winrnr.dll
0x000007fef8700000 - 0x000007fef8710000 	C:\Windows\system32\wshbth.dll
0x000007fefa990000 - 0x000007fefa9b7000 	C:\Windows\system32\IPHLPAPI.DLL
0x000007fefa980000 - 0x000007fefa98b000 	C:\Windows\system32\WINNSI.DLL
0x000007fefa600000 - 0x000007fefa653000 	C:\Windows\System32\fwpuclnt.dll
0x000007fef8d70000 - 0x000007fef8d78000 	C:\Windows\system32\rasadhlp.dll
0x000007fefd090000 - 0x000007fefd097000 	C:\Windows\System32\wshtcpip.dll
0x00000000778e0000 - 0x00000000778e7000 	C:\Windows\system32\PSAPI.DLL

VM Arguments:
jvm_args: -agentlib:jdwp=transport=dt_socket,suspend=y,address=localhost:56788 -Dfile.encoding=Cp1250 
java_command: pl.net.bluesoft.rnd.processtool.editor.imports.ReadXmlContent
Launcher Type: SUN_STANDARD

Environment Variables:
JAVA_HOME=C:\Program Files\Java\jdk1.6.0_29
PATH=C:\Program Files (x86)\IrfanView;C:\ApacheANT\bin;C:\Maven\apache-maven-3.0.4\bin;C:\Program Files (x86)\ImageMagick-6.7.5-Q16;C:\Windows\system32;C:\Program Files\Java\jdk1.6.0_29\bin\;C:\Windows;C:\Windows\System32\Wbem;C:\Windows\System32\WindowsPowerShell\v1.0\;C:\Program Files\TortoiseSVN\bin;C:\Program Files\PostgreSQL\9.1\bin;C:\Program Files (x86)\Git\cmd;C:\Program Files (x86)\OpenLDAP\kfw\Binary
USERNAME=Kamil
OS=Windows_NT
PROCESSOR_IDENTIFIER=Intel64 Family 6 Model 15 Stepping 11, GenuineIntel



---------------  S Y S T E M  ---------------

OS: Windows 7 , 64 bit Build 7601 Service Pack 1

CPU:total 2 (2 cores per cpu, 1 threads per core) family 6 model 15 stepping 11, cmov, cx8, fxsr, mmx, sse, sse2, sse3, ssse3

Memory: 4k page, physical 3127584k(476284k free), swap 7123176k(2060292k free)

vm_info: Java HotSpot(TM) 64-Bit Server VM (20.4-b02) for windows-amd64 JRE (1.6.0_29-b11), built on Oct  3 2011 01:06:42 by "java_re" with MS VC++ 8.0 (VS2005)

time: Fri Jul 06 16:00:47 2012
elapsed time: 349 seconds

